Producing 150 article(s)...

[1/150] Roundup — 12x20 greenhouse kit (id: 169)
  Generating... done. 2350 words → content/articles/12x20-greenhouse-kit.md
[2/150] Informational — pergola extension kit (id: 172)
  Generating... done. 1949 words → content/articles/pergola-extension-kit.md
[3/150] Review — teak glider bench (id: 122)
  Generating... done. 1724 words → content/articles/teak-glider-bench.md
[4/150] Roundup — cedar pergola kit (id: 167)
  Generating... done. 2770 words → content/articles/cedar-pergola-kit.md
[5/150] Review — dr leaf and lawn vacuum (id: 96)
  Generating... done. 1906 words → content/articles/dr-leaf-and-lawn-vacuum.md
[6/150] Informational — garden shed with loft (id: 162)
  Generating... done. 2058 words → content/articles/garden-shed-with-loft.md
[7/150] Review — ego hedge trimmer with battery and charger (id: 25)
  Generating... done. 1707 words → content/articles/ego-hedge-trimmer-with-battery-and-charger.md
[8/150] Roundup — bird feeder for peanuts (id: 30)
  Generating... done. 2348 words → content/articles/bird-feeder-for-peanuts.md
[9/150] Roundup — compost bin lid (id: 47)
  Generating... done. 2572 words → content/articles/compost-bin-lid.md
[10/150] Roundup — cute garden gloves (id: 72)
  Generating... done. 2021 words → content/articles/cute-garden-gloves.md
[11/150] Comparison — large adirondack chair (id: 116)
  Generating... done. 1858 words → content/articles/large-adirondack-chair.md
[12/150] Roundup — modern bird bath (id: 38)
  Generating... done. 2405 words → content/articles/modern-bird-bath.md
[13/150] Review — teak outdoor dining set (id: 112)
  Generating... done. 1648 words → content/articles/teak-outdoor-dining-set.md
[14/150] Roundup — patio heater portable (id: 67)
  Generating... done. 2737 words → content/articles/patio-heater-portable.md
[15/150] Review — solar bird bath bubbler (id: 187)
  Generating... done. 1911 words → content/articles/solar-bird-bath-bubbler.md
[16/150] Informational — flat roof garden shed (id: 160)
  Generating... done. 1997 words → content/articles/flat-roof-garden-shed.md
[17/150] Roundup — bird bath pedestal (id: 39)
  Generating... done. 2719 words → content/articles/bird-bath-pedestal.md
[18/150] Buyer Guide — deer out deer repellent (id: 34)
  Generating... done. 2059 words → content/articles/deer-out-deer-repellent.md
[19/150] Comparison — propane fire pit cover (id: 64)
  Generating... done. 1845 words → content/articles/propane-fire-pit-cover.md
[20/150] Review — ego pole hedge trimmer (id: 5)
  Generating... done. 1611 words → content/articles/ego-pole-hedge-trimmer.md
[21/150] Review — dr lawn vacuum (id: 99)
  Generating... done. 1748 words → content/articles/dr-lawn-vacuum.md
[22/150] Roundup — screen gazebo for deck (id: 156)
  Generating... done. 2376 words → content/articles/screen-gazebo-for-deck.md
[23/150] Informational — heat for greenhouse (id: 175)
  Generating... done. 2079 words → content/articles/heat-for-greenhouse.md
[24/150] Roundup — garden kneeler chair (id: 78)
  Generating... done. 2357 words → content/articles/garden-kneeler-chair.md
[25/150] Roundup — best deer repellent devices (id: 43)
  Generating... done. 2064 words → content/articles/best-deer-repellent-devices.md
[26/150] Review — adirondack sunbrella chair cushions (id: 115)
  Generating... done. 1812 words → content/articles/adirondack-sunbrella-chair-cushions.md
[27/150] Comparison — porch swing rope (id: 132)
  Generating... done. 1772 words → content/articles/porch-swing-rope.md
[28/150] Review — cedar greenhouse kit (id: 165)
  Generating... done. 2111 words → content/articles/cedar-greenhouse-kit.md
[29/150] Roundup — sprinkler timer battery operated (id: 85)
  Generating... done. 2685 words → content/articles/sprinkler-timer-battery-operated.md
[30/150] Roundup — garden fairy solar lights (id: 108)
  Generating... done. 2600 words → content/articles/garden-fairy-solar-lights.md
[31/150] Review — ego hedge trimmer attachment (id: 24)
  Generating... done. 1803 words → content/articles/ego-hedge-trimmer-attachment.md
[32/150] Roundup — garden gloves for women (id: 71)
  Generating... done. 2038 words → content/articles/garden-gloves-for-women.md
[33/150] Informational — propane greenhouse heater (id: 173)
  Generating... done. 1938 words → content/articles/propane-greenhouse-heater.md
[34/150] Roundup — leaf blower with gutter attachment (id: 95)
  Generating... done. 2492 words → content/articles/leaf-blower-with-gutter-attachment.md
[35/150] Comparison — propane fire pits round (id: 69)
  Generating... done. 1781 words → content/articles/propane-fire-pits-round.md
[36/150] Roundup — battery operated sprinkler timer (id: 83)
  Generating... done. 2444 words → content/articles/battery-operated-sprinkler-timer.md
[37/150] Roundup — outdoor bar stools swivel (id: 123)
  Generating... done. 2679 words → content/articles/outdoor-bar-stools-swivel.md
[38/150] Comparison — wood burning fire pit table (id: 57)
  Generating... done. 1852 words → content/articles/wood-burning-fire-pit-table.md
[39/150] Comparison — propane fire pit insert (id: 63)
  Generating... done. 1823 words → content/articles/propane-fire-pit-insert.md
[40/150] Roundup — pushing leaf blower (id: 93)
  Generating... done. 2555 words → content/articles/pushing-leaf-blower.md
[41/150] Roundup — screened gazebo for deck (id: 155)
  Generating... done. 2499 words → content/articles/screened-gazebo-for-deck.md
[42/150] Comparison — drip irrigation conversion kit (id: 80)
  Generating... done. 1794 words → content/articles/drip-irrigation-conversion-kit.md
[43/150] Roundup — best security lights outdoor (id: 101)
  Generating... done. 2408 words → content/articles/best-security-lights-outdoor.md
[44/150] Roundup — wooden raised beds garden kits (id: 149)
  Generating... done. 2460 words → content/articles/wooden-raised-beds-garden-kits.md
[45/150] Roundup — leather garden gloves for women (id: 75)
  Generating... done. 2021 words → content/articles/leather-garden-gloves-for-women.md
[46/150] Review — teak outdoor dining table set (id: 128)
  Generating... done. 1636 words → content/articles/teak-outdoor-dining-table-set.md
[47/150] Roundup — hot tub gazebo with sides (id: 185)
  Generating... ERROR: Expecting value: line 1 column 1 (char 0)
[48/150] Roundup — outdoor swivel bar stools (id: 140)
  Generating... done. 2406 words → content/articles/outdoor-swivel-bar-stools.md
[49/150] Review — sunbrella outdoor sofa (id: 129)
  Generating... done. 1906 words → content/articles/sunbrella-outdoor-sofa.md
[50/150] Informational — insulated garden shed (id: 158)
  Generating... done. 1955 words → content/articles/insulated-garden-shed.md
[51/150] Roundup — outdoor counter height bar stools (id: 141)
  Generating... done. 2453 words → content/articles/outdoor-counter-height-bar-stools.md
[52/150] Review — cedar raised garden bed kit (id: 147)
  Generating... done. 1833 words → content/articles/cedar-raised-garden-bed-kit.md
[53/150] Review — cedar raised bed kit (id: 143)
  Generating... done. 1917 words → content/articles/cedar-raised-bed-kit.md
[54/150] Review — battery stihl chainsaw (id: 2)
  Generating... done. 1771 words → content/articles/battery-stihl-chainsaw.md
[55/150] Roundup — gazebos for hot tubs (id: 154)
  Generating... done. 2243 words → content/articles/gazebos-for-hot-tubs.md
[56/150] Roundup — best pergola kits (id: 170)
  Generating... done. 2450 words → content/articles/best-pergola-kits.md
[57/150] Roundup — mechanical sprinkler timer (id: 81)
  Generating... done. 2631 words → content/articles/mechanical-sprinkler-timer.md
[58/150] Roundup — bird bath for deck railing (id: 37)
  Generating... done. 2400 words → content/articles/bird-bath-for-deck-railing.md
[59/150] Roundup — black compost bin (id: 49)
  Generating... done. 2374 words → content/articles/black-compost-bin.md
[60/150] Roundup — garden gloves men (id: 73)
  Generating... done. 1890 words → content/articles/garden-gloves-men.md
[61/150] Comparison — solar flower garden lights (id: 106)
  Generating... done. 1910 words → content/articles/solar-flower-garden-lights.md
[62/150] Roundup — long garden gloves for women (id: 74)
  Generating... done. 2126 words → content/articles/long-garden-gloves-for-women.md
[63/150] Review — bromic patio heater (id: 66)
  Generating... done. 1894 words → content/articles/bromic-patio-heater.md
[64/150] Review — teak bench garden (id: 120)
  Generating... done. 1860 words → content/articles/teak-bench-garden.md
[65/150] Buyer Guide — deer repellent granules (id: 41)
  Generating... done. 2024 words → content/articles/deer-repellent-granules.md
[66/150] Comparison — outdoor wicker rocking chair (id: 142)
  Generating... done. 1906 words → content/articles/outdoor-wicker-rocking-chair.md
[67/150] Review — stihl battery edger (id: 1)
  Generating... done. 1732 words → content/articles/stihl-battery-edger.md
[68/150] Comparison — round fire pits propane (id: 70)
  Generating... done. 1820 words → content/articles/round-fire-pits-propane.md
[69/150] Informational — greenhouse heater solar (id: 177)
  Generating... done. 2003 words → content/articles/greenhouse-heater-solar.md
[70/150] Review — ego robot mower (id: 17)
  Generating... done. 1745 words → content/articles/ego-robot-mower.md
[71/150] Review — latitude run outdoor fire pit table (id: 56)
  Generating... done. 1683 words → content/articles/latitude-run-outdoor-fire-pit-table.md
[72/150] Roundup — solar bubbler for bird bath (id: 36)
  Generating... done. 2494 words → content/articles/solar-bubbler-for-bird-bath.md
[73/150] Roundup — gutter cleaner leaf blower (id: 91)
  Generating... done. 2475 words → content/articles/gutter-cleaner-leaf-blower.md
[74/150] Roundup — best ultrasonic deer repeller (id: 42)
  Generating... done. 2130 words → content/articles/best-ultrasonic-deer-repeller.md
[75/150] Roundup — huge compost bin (id: 50)
  Generating... done. 2345 words → content/articles/huge-compost-bin.md
[76/150] Roundup — drip irrigation kit for potted plants (id: 79)
  Generating... done. 2592 words → content/articles/drip-irrigation-kit-for-potted-plants.md
[77/150] Roundup — best gazebo for high winds (id: 153)
  Generating... done. 2023 words → content/articles/best-gazebo-for-high-winds.md
[78/150] Comparison — self watering elevated garden beds (id: 144)
  Generating... done. 1693 words → content/articles/self-watering-elevated-garden-beds.md
[79/150] Buyer Guide — gopher control products (id: 44)
  Generating... done. 2147 words → content/articles/gopher-control-products.md
[80/150] Review — gutter attachment for leaf blower stihl (id: 92)
  Generating... done. 1825 words → content/articles/gutter-attachment-for-leaf-blower-stihl.md
[81/150] Roundup — bird feeder for window (id: 31)
  Generating... done. 2634 words → content/articles/bird-feeder-for-window.md
[82/150] Roundup — outdoor sofa iron (id: 134)
  Generating... done. 2484 words → content/articles/outdoor-sofa-iron.md
[83/150] Roundup — gutter attachment for leaf blower (id: 94)
  Generating... done. 2594 words → content/articles/gutter-attachment-for-leaf-blower.md
[84/150] Roundup — miniature greenhouse kit (id: 164)
  Generating... done. 2594 words → content/articles/miniature-greenhouse-kit.md
[85/150] Roundup — glass greenhouse kit (id: 168)
  Generating... done. 2581 words → content/articles/glass-greenhouse-kit.md
[86/150] Comparison — little wonder leaf blower (id: 196)
  Generating... done. 1692 words → content/articles/little-wonder-leaf-blower.md
[87/150] Roundup — lean to greenhouse kits (id: 161)
  Generating... done. 2562 words → content/articles/lean-to-greenhouse-kits.md
[88/150] Buyer Guide — hedge trimmer ego (id: 27)
  Generating... done. 1928 words → content/articles/hedge-trimmer-ego.md
[89/150] Review — teak adirondack chair (id: 111)
  Generating... done. 1788 words → content/articles/teak-adirondack-chair.md
[90/150] Review — hdpe outdoor dining set (id: 125)
  Generating... done. 1758 words → content/articles/hdpe-outdoor-dining-set.md
[91/150] Roundup — bird feeder for mealworms (id: 29)
  Generating... done. 2151 words → content/articles/bird-feeder-for-mealworms.md
[92/150] Comparison — patio infrared heater (id: 59)
  Generating... done. 1801 words → content/articles/patio-infrared-heater.md
[93/150] Roundup — walk behind lawn vacuum (id: 97)
  Generating... done. 2606 words → content/articles/walk-behind-lawn-vacuum.md
[94/150] Roundup — leaf and lawn vacuum (id: 98)
  Generating... done. 2541 words → content/articles/leaf-and-lawn-vacuum.md
[95/150] Roundup — counter height outdoor bar stools (id: 124)
  Generating... done. 2504 words → content/articles/counter-height-outdoor-bar-stools.md
[96/150] Review — cast aluminum outdoor dining set (id: 126)
  Generating... done. 1775 words → content/articles/cast-aluminum-outdoor-dining-set.md
[97/150] Informational — pergola hardware kits (id: 171)
  Generating... done. 1928 words → content/articles/pergola-hardware-kits.md
[98/150] Roundup — bird bath water wiggler (id: 35)
  Generating... done. 2690 words → content/articles/bird-bath-water-wiggler.md
[99/150] Review — rubbermaid compost bin (id: 46)
  Generating... done. 1830 words → content/articles/rubbermaid-compost-bin.md
[100/150] Roundup — garden bed drip irrigation kit (id: 86)
  Generating... done. 2422 words → content/articles/garden-bed-drip-irrigation-kit.md
[101/150] Roundup — raised bed garden drip irrigation kit (id: 87)
  Generating... done. 2476 words → content/articles/raised-bed-garden-drip-irrigation-kit.md
[102/150] Review — lawnmaster electric lawn mower (id: 10)
  Generating... done. 1766 words → content/articles/lawnmaster-electric-lawn-mower.md
[103/150] Review — stihl battery powered edger (id: 7)
  Generating... done. 1656 words → content/articles/stihl-battery-powered-edger.md
[104/150] Roundup — lawn vacuum for riding mower (id: 100)
  Generating... done. 2420 words → content/articles/lawn-vacuum-for-riding-mower.md
[105/150] Roundup — solar globe lights for garden (id: 102)
  Generating... done. 2433 words → content/articles/solar-globe-lights-for-garden.md
[106/150] Buyer Guide — black soldier fly compost bin (id: 200)
  Generating... done. 2040 words → content/articles/black-soldier-fly-compost-bin.md
[107/150] Comparison — worm composting kit (id: 52)
  Generating... done. 1652 words → content/articles/worm-composting-kit.md
[108/150] Buyer Guide — deer off repellent (id: 40)
  Generating... done. 2097 words → content/articles/deer-off-repellent.md
[109/150] Review — teak outdoor garden bench (id: 139)
  Generating... done. 1976 words → content/articles/teak-outdoor-garden-bench.md
[110/150] Roundup — best fire pit tables (id: 58)
  Generating... done. 2431 words → content/articles/best-fire-pit-tables.md
[111/150] Review — ego power hedge trimmer (id: 16)
  Generating... done. 1796 words → content/articles/ego-power-hedge-trimmer.md
[112/150] Review — ego leaf blower gutter attachment (id: 28)
  Generating... done. 1886 words → content/articles/ego-leaf-blower-gutter-attachment.md
[113/150] Review — moen smart sprinkler controller (id: 90)
  Generating... done. 1829 words → content/articles/moen-smart-sprinkler-controller.md
[114/150] Roundup — kneeling pad for garden (id: 77)
  Generating... done. 2242 words → content/articles/kneeling-pad-for-garden.md
[115/150] Review — stihl cordless lawn mower (id: 14)
  Generating... done. 1791 words → content/articles/stihl-cordless-lawn-mower.md
[116/150] Review — stihl battery operated lawn mower (id: 12)
  Generating... done. 1903 words → content/articles/stihl-battery-operated-lawn-mower.md
[117/150] Review — stihl battery powered leaf blower (id: 26)
  Generating... done. 1710 words → content/articles/stihl-battery-powered-leaf-blower.md
[118/150] Review — polywood glider bench (id: 133)
  Generating... done. 1815 words → content/articles/polywood-glider-bench.md
[119/150] Review — vego elevated garden bed (id: 145)
  Generating... done. 1760 words → content/articles/vego-elevated-garden-bed.md
[120/150] Review — orbit smart sprinkler controller (id: 89)
  Generating... done. 1900 words → content/articles/orbit-smart-sprinkler-controller.md
[121/150] Review — stihl battery powered chainsaws (id: 11)
  Generating... done. 1798 words → content/articles/stihl-battery-powered-chainsaws.md
[122/150] Roundup — kneeler for the garden (id: 76)
  Generating... done. 2095 words → content/articles/kneeler-for-the-garden.md
[123/150] Review — electric lawn mower stihl (id: 9)
  Generating... done. 1799 words → content/articles/electric-lawn-mower-stihl.md
[124/150] Review — dewalt cordless lawn mower (id: 15)
  Generating... done. 1677 words → content/articles/dewalt-cordless-lawn-mower.md
[125/150] Comparison — porch swing daybed (id: 136)
  Generating... done. 2012 words → content/articles/porch-swing-daybed.md
[126/150] Roundup — infrared patio heater electric (id: 68)
  Generating... done. 2519 words → content/articles/infrared-patio-heater-electric.md
[127/150] Review — stihl strimmer battery operated (id: 4)
  Generating... done. 1765 words → content/articles/stihl-strimmer-battery-operated.md
[128/150] Roundup — drip irrigation kits for raised beds (id: 82)
  Generating... done. 2533 words → content/articles/drip-irrigation-kits-for-raised-beds.md
[129/150] Comparison — metal garden beds raised (id: 151)
  Generating... done. 1812 words → content/articles/metal-garden-beds-raised.md
[130/150] Review — stihl battery operated leaf blower (id: 13)
  Generating... done. 1673 words → content/articles/stihl-battery-operated-leaf-blower.md
[131/150] Informational — metal raised garden beds with legs (id: 152)
  Generating... done. 1939 words → content/articles/metal-raised-garden-beds-with-legs.md
[132/150] Review — birdies metal raised garden beds (id: 148)
  Generating... done. 1772 words → content/articles/birdies-metal-raised-garden-beds.md
[133/150] Comparison — raised garden bed metal (id: 146)
  Generating... done. 1766 words → content/articles/raised-garden-bed-metal.md
[134/150] Informational — building a garden shed from pallets (id: 163)
  Generating... done. 1889 words → content/articles/building-a-garden-shed-from-pallets.md
 ERROR: [Errno 2] No such file or directory: '/Users/keithlacy/four-season-gardener/data/pipeline.json.tmp' -> '/Users/keithlacy/four-season-gardener/data/pipeline.json'
[135/150] Informational — backyard greenhouse small (id: 176)
  Generating... done. 1927 words → content/articles/backyard-greenhouse-small.md
[136/150] Roundup — outdoor led security lighting (id: 103)
  Generating... done. 2494 words → content/articles/outdoor-led-security-lighting.md
[137/150] Informational — where to buy worms for compost (id: 51)
  Generating... done. 1593 words → content/articles/where-to-buy-worms-for-compost.md
[138/150] Comparison — modular metal raised garden bed (id: 150)
  Generating... done. 1675 words → content/articles/modular-metal-raised-garden-bed.md
[139/150] Roundup — best solar lights for the garden (id: 107)
  Generating... done. 2492 words → content/articles/best-solar-lights-for-the-garden.md
[140/150] Review — stihl cordless leaf blower (id: 23)
  Generating... done. 1766 words → content/articles/stihl-cordless-leaf-blower.md
[141/150] Roundup — outdoor motion sensor security light (id: 110)
  Generating... done. 2446 words → content/articles/outdoor-motion-sensor-security-light.md
[142/150] Informational — where to buy compost worms (id: 53)
  Generating... done. 1753 words → content/articles/where-to-buy-compost-worms.md
[143/150] Comparison — outdoor light security camera (id: 104)
  Generating... done. 1713 words → content/articles/outdoor-light-security-camera.md
[144/150] Review — ego power+ lm2100 56-volt 21-in cordless push lawn mower (id: 22)
  Generating... done. 1735 words → content/articles/ego-power-lm2100-56-volt-21-in-cordless-push-lawn-mower.md
[145/150] Comparison — solar powered garden lights for sale (id: 105)
  Generating... done. 1787 words → content/articles/solar-powered-garden-lights-for-sale.md
[146/150] Comparison — outdoor security flood lights (id: 109)
  Generating... done. 1827 words → content/articles/outdoor-security-flood-lights.md
[147/150] Review — orbit battery operated sprinkler timer (id: 84)
  Generating... done. 1785 words → content/articles/orbit-battery-operated-sprinkler-timer.md
[148/150] Informational — gopher pest control (id: 45)
  Generating... done. 1876 words → content/articles/gopher-pest-control.md
[149/150] Roundup — best kitchen compost bin no fruit flies ordor (id: 48)
  Generating... done. 2405 words → content/articles/best-kitchen-compost-bin-no-fruit-flies-ordor.md
[150/150] Comparison — compost worms for sale (id: 55)
  Generating... done. 1803 words → content/articles/compost-worms-for-sale.md

Done. 150 article(s) written to content/articles/
